<?xml version="1.0" encoding="UTF-8"?>
<testng-results skipped="0" failed="0" ignored="0" total="1" passed="1">
  <reporter-output>
  </reporter-output>
  <suite name="Surefire suite" duration-ms="33413" started-at="2020-04-12T22:15:46Z" finished-at="2020-04-12T22:16:19Z">
    <groups>
    </groups>
    <test name="Surefire test" duration-ms="33413" started-at="2020-04-12T22:15:46Z" finished-at="2020-04-12T22:16:19Z">
      <class name="uk.wcht.org.testsuit.YourAccountTest">
        <test-method status="PASS" signature="openBrowser()[pri:0, instance:uk.wcht.org.testsuit.YourAccountTest@69d9c55]" name="openBrowser" is-config="true" duration-ms="28453" started-at="2020-04-12T22:15:46Z" finished-at="2020-04-12T22:16:14Z">
          <reporter-output>
          </reporter-output>
        </test-method> <!-- openBrowser -->
        <test-method status="PASS" signature="verifyUserShouldNavigateToAccountPage()[pri:0, instance:uk.wcht.org.testsuit.YourAccountTest@69d9c55]" name="verifyUserShouldNavigateToAccountPage" duration-ms="3826" started-at="2020-04-12T22:16:14Z" finished-at="2020-04-12T22:16:18Z">
          <reporter-output>
          </reporter-output>
        </test-method> <!-- verifyUserShouldNavigateToAccountPage -->
        <test-method status="PASS" signature="tearDown()[pri:0, instance:uk.wcht.org.testsuit.YourAccountTest@69d9c55]" name="tearDown" is-config="true" duration-ms="1076" started-at="2020-04-12T22:16:18Z" finished-at="2020-04-12T22:16:19Z">
          <reporter-output>
          </reporter-output>
        </test-method> <!-- tearDown -->
      </class> <!-- uk.wcht.org.testsuit.YourAccountTest -->
    </test> <!-- Surefire test -->
  </suite> <!-- Surefire suite -->
</testng-results>
